Arguments: 
  C:\Program Files\nodejs\node.exe C:\Program Files (x86)\Yarn\bin\yarn.js install

PATH: 
  C:\Python310\Scripts\;C:\Python310\;C:\Program Files\Common Files\Hypertherm CAM;C:\Windows\system32;C:\Windows;C:\Windows\System32\Wbem;C:\Windows\System32\WindowsPowerShell\v1.0\;C:\Windows\System32\OpenSSH\;C:\Program Files (x86)\NVIDIA Corporation\PhysX\Common;C:\Program Files\Microsoft SQL Server\120\Tools\Binn\;C:\Program Files\Microsoft SQL Server\110\Tools\Binn\;C:\Program Files (x86)\Intel\Intel(R) Management Engine Components\DAL;C:\Program Files\Intel\Intel(R) Management Engine Components\DAL;C:\Program Files\NVIDIA Corporation\NVIDIA NvDLISR;C:\Program Files\nodejs\;C:\Program Files (x86)\Yarn\bin\;C:\ProgramData\chocolatey\bin;C:\Program Files\Git\cmd;C:\Users\tendr\AppData\Local\Microsoft\WindowsApps;C:\Users\tendr\AppData\Local\Programs\Microsoft VS Code\bin;C:\Users\tendr\AppData\Roaming\npm;C:\Users\tendr\AppData\Local\Yarn\bin;C:\Users\tendr\AppData\Local\GitHubDesktop\bin;D:\IT\Project\todo-list\node_modules\.bin

Yarn version: 
  1.22.18

Node version: 
  16.14.0

Platform: 
  win32 x64

Trace: 
  SyntaxError: D:\IT\Project\todo-list\package.json: Unexpected token } in JSON at position 929
      at JSON.parse (<anonymous>)
      at C:\Program Files (x86)\Yarn\lib\cli.js:1625:59
      at Generator.next (<anonymous>)
      at step (C:\Program Files (x86)\Yarn\lib\cli.js:310:30)
      at C:\Program Files (x86)\Yarn\lib\cli.js:321:13

npm manifest: 
  {
    "name": "it-incubator-todolist-ts",
    "version": "0.1.0",
    "private": true,
    "dependencies": {
      "@emotion/react": "^11.9.0",
      "@emotion/styled": "^11.8.1",
      "@mui/icons-material": "^5.6.2",
      "@mui/material": "^5.6.4",
      "@redux-devtools/extension": "^3.2.2",
      "@testing-library/jest-dom": "^5.16.4",
      "@testing-library/react": "^13.2.0",
      "@testing-library/user-event": "^14.1.1",
      "@types/jest": "^27.5.0",
      "@types/node": "^17.0.31",
      "@types/react": "^18.0.9",
      "@types/react-dom": "^18.0.3",
      "@types/react-redux": "^7.1.24",
      "@types/uuid": "^8.3.4",
      "react": "^18.1.0",
      "react-dom": "^18.1.0",
      "react-redux": "^8.0.2",
      "react-scripts": "5.0.1",
      "redux": "^4.2.0",
      "typescript": "~4.6.4"
    },
    "scripts": {
      "start": "react-scripts start",
      "build": "react-scripts build",
      "test": "react-scripts test",
      "eject": "react-scripts eject",
  
    },
    "eslintConfig": {
      "extends": "react-app"
    },
    "browserslist": {
      "production": [
        ">0.2%",
        "not dead",
        "not op_mini all"
      ],
      "development": [
        "last 1 chrome version",
        "last 1 firefox version",
        "last 1 safari version"
      ]
    }
   }

yarn manifest: 
  No manifest

Lockfile: 
  No lockfile
